
> web@0.1.10 - 20250301 build
> npm run appendVersionWithDate && craco build


> web@0.1.10 - 20250301 appendVersionWithDate
> node ./scripts/appendVersionWithDate.js

versionWithDate: 0.1.10 - 20250301
Creating an optimized production build...
Browserslist: caniuse-lite is outdated. Please run:
  npx update-browserslist-db@latest
  Why you should do it regularly: https://github.com/browserslist/update-db#readme
Browserslist: caniuse-lite is outdated. Please run:
  npx update-browserslist-db@latest
  Why you should do it regularly: https://github.com/browserslist/update-db#readme
Failed to compile.

TS2305: Module '"../../Api"' has no exported member 'ItemModel'.
  [0m [90m 3 |[39m [36mimport[39m [33mPopUpWindow[39m[33m,[39m { [33mPopUpWindowState[39m } [36mfrom[39m [32m"../PopUpWindow"[39m[33m;[39m
   [90m 4 |[39m [36mimport[39m [33mInput[39m [36mfrom[39m [32m"../Input"[39m[33m;[39m
  [31m[1m>[22m[39m[90m 5 |[39m [36mimport[39m { [33mItemModel[39m } [36mfrom[39m [32m"../../Api"[39m[33m;[39m
   [90m   |[39m          [31m[1m^[22m[39m[31m[1m^[22m[39m[31m[1m^[22m[39m[31m[1m^[22m[39m[31m[1m^[22m[39m[31m[1m^[22m[39m[31m[1m^[22m[39m[31m[1m^[22m[39m[31m[1m^[22m[39m
   [90m 6 |[39m [36mimport[39m { [33mSearchStyle[39m } [36mfrom[39m [32m"./Search"[39m[33m;[39m
   [90m 7 |[39m [36mimport[39m [33mAddButton_Spajz[39m [36mfrom[39m [32m"./Spajz/AddButton_Spajz"[39m[33m;[39m
   [90m 8 |[39m [36mimport[39m [33mAddButton_Buylist[39m [36mfrom[39m [32m"./Buylist/AddButton_Buylist"[39m[33m;[39m[0m


npm error Lifecycle script `build` failed with error:
npm error code 1
npm error path C:\Repos\Spajzka\apps\web
npm error workspace web@0.1.10 - 20250301
npm error location C:\Repos\Spajzka\apps\web
npm error command failed
npm error command C:\WINDOWS\system32\cmd.exe /d /s /c npm run appendVersionWithDate && craco build
