
> web@0.1.5 generateClient
> npx swagger-typescript-api -p http://localhost:3010/docs/json -o ./src/Api --modular

✨   swagger-typescript-api(12.0.4),npm/9.5.0 node/v18.15.0 win32 x64 workspaces/false
✨   try to read templates from directory "C:\Users\Vazy\AppData\Local\npm-cache\_npx\ad2f6472e51cc62f\node_modules\swagger-typescript-api\templates\modular"
✨   "api" template found in "C:\Users\Vazy\AppData\Local\npm-cache\_npx\ad2f6472e51cc62f\node_modules\swagger-typescript-api\templates\modular"
✨   "route types" template found in "C:\Users\Vazy\AppData\Local\npm-cache\_npx\ad2f6472e51cc62f\node_modules\swagger-typescript-api\templates\modular"
✨   try to get swagger by URL "http://localhost:3010/docs/json"
❗   error while fetching data from URL "http://localhost:3010/docs/json" FetchError: request to http://localhost:3010/docs/json failed, reason: connect ECONNREFUSED ::1:3010
    at Arguments.<anonymous> (C:\Users\Vazy\AppData\Local\npm-cache\_npx\ad2f6472e51cc62f\node_modules\node-fetch-h2\lib\index.js:1408:11)
    at C:\Users\Vazy\AppData\Local\npm-cache\_npx\ad2f6472e51cc62f\node_modules\http2-client\lib\request.js:161:18
    at Array.forEach (<anonymous>)
    at ClientRequest.emitError (C:\Users\Vazy\AppData\Local\npm-cache\_npx\ad2f6472e51cc62f\node_modules\http2-client\lib\request.js:159:20)
    at HttpRequestManager.onIdentification (C:\Users\Vazy\AppData\Local\npm-cache\_npx\ad2f6472e51cc62f\node_modules\http2-client\lib\request.js:292:25)
    at HttpRequestManager.onIdentify (C:\Users\Vazy\AppData\Local\npm-cache\_npx\ad2f6472e51cc62f\node_modules\http2-client\lib\request.js:382:18)
    at Socket.emit (node:events:513:28)
    at emitErrorNT (node:internal/streams/destroy:151:8)
    at emitErrorCloseNT (node:internal/streams/destroy:116:3)
    at process.processTicksAndRejections (node:internal/process/task_queues:82:21) {
  type: 'system',
  errno: 'ECONNREFUSED',
  code: 'ECONNREFUSED'
}
TypeError: Cannot create property 'info' on string 'error while fetching data from URL "http://localhost:3010/docs/json"'
    at C:\Users\Vazy\AppData\Local\npm-cache\_npx\ad2f6472e51cc62f\node_modules\swagger-typescript-api\src\swagger-schema-resolver.js:62:19
    at new Promise (<anonymous>)
    at SwaggerSchemaResolver.convertSwaggerObject (C:\Users\Vazy\AppData\Local\npm-cache\_npx\ad2f6472e51cc62f\node_modules\swagger-typescript-api\src\swagger-schema-resolver.js:60:12)
    at SwaggerSchemaResolver.create (C:\Users\Vazy\AppData\Local\npm-cache\_npx\ad2f6472e51cc62f\node_modules\swagger-typescript-api\src\swagger-schema-resolver.js:50:23)
    at process.processTicksAndRejections (node:internal/process/task_queues:95:5)
    at async CodeGenProcess.start (C:\Users\Vazy\AppData\Local\npm-cache\_npx\ad2f6472e51cc62f\node_modules\swagger-typescript-api\src\code-gen-process.js:91:21)
    at async generateApi (C:\Users\Vazy\AppData\Local\npm-cache\_npx\ad2f6472e51cc62f\node_modules\swagger-typescript-api\src\index.js:22:12)
    at async main (C:\Users\Vazy\AppData\Local\npm-cache\_npx\ad2f6472e51cc62f\node_modules\swagger-typescript-api\index.js:258:9)
npm ERR! Lifecycle script `generateClient` failed with error: 
npm ERR! Error: command failed 
npm ERR!   in workspace: web@0.1.5 
npm ERR!   at location: C:\Repos\Spajzka\apps\web 
